State 0:
          start ::= * global_vars sections
          global_vars ::= * var_list
          var_list ::= * var_list newline
          var_list ::= * var_list var
      (8) var_list ::= *

                         start accept
                   global_vars shift  8
                      var_list shift  1
                     {default} reduce 8

State 1:
      (1) global_vars ::= var_list *
          var_list ::= var_list * newline
          var_list ::= var_list * var
          var ::= * ID EQUAL value
          newline ::= * NEWLINE
          newline ::= * COMMENTSTART NEWLINE
          newline ::= * COMMENTSTART NAKED_STRING NEWLINE

                            ID shift  19
                       NEWLINE shift  20
                  COMMENTSTART shift  12
                       newline shift  27
                           var shift  26
                     {default} reduce 1

State 2:
      (5) section ::= OPENB DOT SECTION CLOSEB newline var_list *
          var_list ::= var_list * newline
          var_list ::= var_list * var
          var ::= * ID EQUAL value
          newline ::= * NEWLINE
          newline ::= * COMMENTSTART NEWLINE
          newline ::= * COMMENTSTART NAKED_STRING NEWLINE

                            ID shift  19
                       NEWLINE shift  20
                  COMMENTSTART shift  12
                       newline shift  27
                           var shift  26
                     {default} reduce 5

State 3:
      (4) section ::= OPENB SECTION CLOSEB newline var_list *
          var_list ::= var_list * newline
          var_list ::= var_list * var
          var ::= * ID EQUAL value
          newline ::= * NEWLINE
          newline ::= * COMMENTSTART NEWLINE
          newline ::= * COMMENTSTART NAKED_STRING NEWLINE

                            ID shift  19
                       NEWLINE shift  20
                  COMMENTSTART shift  12
                       newline shift  27
                           var shift  26
                     {default} reduce 4

State 4:
          var ::= ID EQUAL * value
          value ::= * FLOAT
          value ::= * INT
          value ::= * BOOL
          value ::= * SINGLE_QUOTED_STRING
          value ::= * DOUBLE_QUOTED_STRING
          value ::= * TRIPPLE_QUOTES TRIPPLE_TEXT TRIPPLE_QUOTES_END
          value ::= * TRIPPLE_QUOTES TRIPPLE_QUOTES_END
          value ::= * NAKED_STRING
          value ::= * OTHER

                         FLOAT shift  29
                           INT shift  30
                          BOOL shift  34
          SINGLE_QUOTED_STRING shift  33
          DOUBLE_QUOTED_STRING shift  24
                TRIPPLE_QUOTES shift  13
                  NAKED_STRING shift  35
                         OTHER shift  21
                         value shift  25

State 5:
          section ::= OPENB DOT SECTION CLOSEB * newline var_list
          newline ::= * NEWLINE
          newline ::= * COMMENTSTART NEWLINE
          newline ::= * COMMENTSTART NAKED_STRING NEWLINE

                       NEWLINE shift  20
                  COMMENTSTART shift  12
                       newline shift  9

State 6:
          section ::= OPENB SECTION CLOSEB * newline var_list
          newline ::= * NEWLINE
          newline ::= * COMMENTSTART NEWLINE
          newline ::= * COMMENTSTART NAKED_STRING NEWLINE

                       NEWLINE shift  20
                  COMMENTSTART shift  12
                       newline shift  10

State 7:
      (0) start ::= global_vars sections *
          sections ::= sections * section
          section ::= * OPENB SECTION CLOSEB newline var_list
          section ::= * OPENB DOT SECTION CLOSEB newline var_list

                         OPENB shift  11
                       section shift  28
                     {default} reduce 0

State 8:
          start ::= global_vars * sections
          sections ::= * sections section
      (3) sections ::= *

                      sections shift  7
                     {default} reduce 3

State 9:
          section ::= OPENB DOT SECTION CLOSEB newline * var_list
          var_list ::= * var_list newline
          var_list ::= * var_list var
      (8) var_list ::= *

                      var_list shift  2
                     {default} reduce 8

State 10:
          section ::= OPENB SECTION CLOSEB newline * var_list
          var_list ::= * var_list newline
          var_list ::= * var_list var
      (8) var_list ::= *

                      var_list shift  3
                     {default} reduce 8

State 11:
          section ::= OPENB * SECTION CLOSEB newline var_list
          section ::= OPENB * DOT SECTION CLOSEB newline var_list

                       SECTION shift  17
                           DOT shift  18

State 12:
          newline ::= COMMENTSTART * NEWLINE
          newline ::= COMMENTSTART * NAKED_STRING NEWLINE

                  NAKED_STRING shift  15
                       NEWLINE shift  23

State 13:
          value ::= TRIPPLE_QUOTES * TRIPPLE_TEXT TRIPPLE_QUOTES_END
          value ::= TRIPPLE_QUOTES * TRIPPLE_QUOTES_END

                  TRIPPLE_TEXT shift  14
            TRIPPLE_QUOTES_END shift  31

State 14:
          value ::= TRIPPLE_QUOTES TRIPPLE_TEXT * TRIPPLE_QUOTES_END

            TRIPPLE_QUOTES_END shift  32

State 15:
          newline ::= COMMENTSTART NAKED_STRING * NEWLINE

                       NEWLINE shift  22

State 16:
          section ::= OPENB DOT SECTION * CLOSEB newline var_list

                        CLOSEB shift  5

State 17:
          section ::= OPENB SECTION * CLOSEB newline var_list

                        CLOSEB shift  6

State 18:
          section ::= OPENB DOT * SECTION CLOSEB newline var_list

                       SECTION shift  16

State 19:
          var ::= ID * EQUAL value

                         EQUAL shift  4

State 20:
     (19) newline ::= NEWLINE *

                     {default} reduce 19

State 21:
     (18) value ::= OTHER *

                     {default} reduce 18

State 22:
     (21) newline ::= COMMENTSTART NAKED_STRING NEWLINE *

                     {default} reduce 21

State 23:
     (20) newline ::= COMMENTSTART NEWLINE *

                     {default} reduce 20

State 24:
     (14) value ::= DOUBLE_QUOTED_STRING *

                     {default} reduce 14

State 25:
      (9) var ::= ID EQUAL value *

                     {default} reduce 9

State 26:
      (7) var_list ::= var_list var *

                     {default} reduce 7

State 27:
      (6) var_list ::= var_list newline *

                     {default} reduce 6

State 28:
      (2) sections ::= sections section *

                     {default} reduce 2

State 29:
     (10) value ::= FLOAT *

                     {default} reduce 10

State 30:
     (11) value ::= INT *

                     {default} reduce 11

State 31:
     (16) value ::= TRIPPLE_QUOTES TRIPPLE_QUOTES_END *

                     {default} reduce 16

State 32:
     (15) value ::= TRIPPLE_QUOTES TRIPPLE_TEXT TRIPPLE_QUOTES_END *

                     {default} reduce 15

State 33:
     (13) value ::= SINGLE_QUOTED_STRING *

                     {default} reduce 13

State 34:
     (12) value ::= BOOL *

                     {default} reduce 12

State 35:
     (17) value ::= NAKED_STRING *

                     {default} reduce 17

